<?xml version="1.0" encoding="UTF-8"?>
<testng-results skipped="0" failed="0" ignored="0" total="2" passed="2">
  <reporter-output>
  </reporter-output>
  <suite name="Suite" duration-ms="15728" started-at="2020-04-15T16:08:03 IST" finished-at="2020-04-15T16:08:18 IST">
    <groups>
    </groups>
    <test name="Test" duration-ms="15728" started-at="2020-04-15T16:08:03 IST" finished-at="2020-04-15T16:08:18 IST">
      <class name="com.mytestapp.Amazon_footer_links">
        <test-method status="PASS" signature="setProperty()[pri:0, instance:com.mytestapp.Amazon_footer_links@5e853265]" name="setProperty" is-config="true" duration-ms="1" started-at="2020-04-15T16:08:03 IST" finished-at="2020-04-15T16:08:03 IST">
          <reporter-output>
          </reporter-output>
        </test-method> <!-- setProperty -->
        <test-method status="PASS" signature="OpenURL(java.lang.String)[pri:0, instance:com.mytestapp.Amazon_footer_links@5e853265]" name="OpenURL" is-config="true" duration-ms="2440" started-at="2020-04-15T16:08:07 IST" finished-at="2020-04-15T16:08:10 IST">
          <params>
            <param index="0">
              <value>
                <![CDATA[https://www.amazon.in]]>
              </value>
            </param>
          </params>
          <reporter-output>
          </reporter-output>
        </test-method> <!-- OpenURL -->
        <test-method status="PASS" signature="footer_Elements()[pri:1, instance:com.mytestapp.Amazon_footer_links@5e853265]" name="footer_Elements" duration-ms="8185" started-at="2020-04-15T16:08:10 IST" finished-at="2020-04-15T16:08:18 IST">
          <reporter-output>
          </reporter-output>
        </test-method> <!-- footer_Elements -->
        <test-method status="PASS" signature="close()[pri:0, instance:com.mytestapp.Amazon_footer_links@5e853265]" name="close" is-config="true" duration-ms="144" started-at="2020-04-15T16:08:18 IST" finished-at="2020-04-15T16:08:18 IST">
          <reporter-output>
          </reporter-output>
        </test-method> <!-- close -->
      </class> <!-- com.mytestapp.Amazon_footer_links -->
      <class name="com.mytestapp.Amazon_BestSeller">
        <test-method status="PASS" signature="setProperty()[pri:0, instance:com.mytestapp.Amazon_BestSeller@6c49835d]" name="setProperty" is-config="true" duration-ms="12" started-at="2020-04-15T16:08:03 IST" finished-at="2020-04-15T16:08:03 IST">
          <reporter-output>
          </reporter-output>
        </test-method> <!-- setProperty -->
        <test-method status="PASS" signature="OpenURL(java.lang.String)[pri:0, instance:com.mytestapp.Amazon_BestSeller@6c49835d]" name="OpenURL" is-config="true" duration-ms="3276" started-at="2020-04-15T16:08:03 IST" finished-at="2020-04-15T16:08:06 IST">
          <params>
            <param index="0">
              <value>
                <![CDATA[https://www.amazon.in]]>
              </value>
            </param>
          </params>
          <reporter-output>
          </reporter-output>
        </test-method> <!-- OpenURL -->
        <test-method status="PASS" signature="Best_Sellers()[pri:2, instance:com.mytestapp.Amazon_BestSeller@6c49835d]" name="Best_Sellers" duration-ms="1428" started-at="2020-04-15T16:08:06 IST" finished-at="2020-04-15T16:08:07 IST">
          <reporter-output>
          </reporter-output>
        </test-method> <!-- Best_Sellers -->
        <test-method status="PASS" signature="close()[pri:0, instance:com.mytestapp.Amazon_BestSeller@6c49835d]" name="close" is-config="true" duration-ms="195" started-at="2020-04-15T16:08:07 IST" finished-at="2020-04-15T16:08:07 IST">
          <reporter-output>
          </reporter-output>
        </test-method> <!-- close -->
      </class> <!-- com.mytestapp.Amazon_BestSeller -->
    </test> <!-- Test -->
  </suite> <!-- Suite -->
</testng-results>
